Determining if the include file malloc/malloc.h exists failed with the following output:
Change Dir: /root/enpower/llvm/llvm_37/build/CMakeFiles/CMakeTmp

Run Build Command:"/usr/bin/make" "cmTryCompileExec3612753290/fast"
/usr/bin/make -f CMakeFiles/cmTryCompileExec3612753290.dir/build.make CMakeFiles/cmTryCompileExec3612753290.dir/build
make[1]: Entering directory '/root/enpower/llvm/llvm_37/build/CMakeFiles/CMakeTmp'
/usr/bin/cmake -E cmake_progress_report /root/enpower/llvm/llvm_37/build/CMakeFiles/CMakeTmp/CMakeFiles 1
Building C object CMakeFiles/cmTryCompileExec3612753290.dir/CheckIncludeFile.c.o
/usr/bin/cc    -o CMakeFiles/cmTryCompileExec3612753290.dir/CheckIncludeFile.c.o   -c /root/enpower/llvm/llvm_37/build/CMakeFiles/CMakeTmp/CheckIncludeFile.c
/root/enpower/llvm/llvm_37/build/CMakeFiles/CMakeTmp/CheckIncludeFile.c:1:27: fatal error: malloc/malloc.h: No such file or directory
compilation terminated.
CMakeFiles/cmTryCompileExec3612753290.dir/build.make:57: recipe for target 'CMakeFiles/cmTryCompileExec3612753290.dir/CheckIncludeFile.c.o' failed
make[1]: *** [CMakeFiles/cmTryCompileExec3612753290.dir/CheckIncludeFile.c.o] Error 1
make[1]: Leaving directory '/root/enpower/llvm/llvm_37/build/CMakeFiles/CMakeTmp'
Makefile:117: recipe for target 'cmTryCompileExec3612753290/fast' failed
make: *** [cmTryCompileExec3612753290/fast] Error 2


Determining if the include file ndir.h exists failed with the following output:
Change Dir: /root/enpower/llvm/llvm_37/build/CMakeFiles/CMakeTmp

Run Build Command:"/usr/bin/make" "cmTryCompileExec1650282895/fast"
/usr/bin/make -f CMakeFiles/cmTryCompileExec1650282895.dir/build.make CMakeFiles/cmTryCompileExec1650282895.dir/build
make[1]: Entering directory '/root/enpower/llvm/llvm_37/build/CMakeFiles/CMakeTmp'
/usr/bin/cmake -E cmake_progress_report /root/enpower/llvm/llvm_37/build/CMakeFiles/CMakeTmp/CMakeFiles 1
Building C object CMakeFiles/cmTryCompileExec1650282895.dir/CheckIncludeFile.c.o
/usr/bin/cc    -o CMakeFiles/cmTryCompileExec1650282895.dir/CheckIncludeFile.c.o   -c /root/enpower/llvm/llvm_37/build/CMakeFiles/CMakeTmp/CheckIncludeFile.c
/root/enpower/llvm/llvm_37/build/CMakeFiles/CMakeTmp/CheckIncludeFile.c:1:18: fatal error: ndir.h: No such file or directory
compilation terminated.
CMakeFiles/cmTryCompileExec1650282895.dir/build.make:57: recipe for target 'CMakeFiles/cmTryCompileExec1650282895.dir/CheckIncludeFile.c.o' failed
make[1]: *** [CMakeFiles/cmTryCompileExec1650282895.dir/CheckIncludeFile.c.o] Error 1
make[1]: Leaving directory '/root/enpower/llvm/llvm_37/build/CMakeFiles/CMakeTmp'
Makefile:117: recipe for target 'cmTryCompileExec1650282895/fast' failed
make: *** [cmTryCompileExec1650282895/fast] Error 2


Determining if the include file sys/ndir.h exists failed with the following output:
Change Dir: /root/enpower/llvm/llvm_37/build/CMakeFiles/CMakeTmp

Run Build Command:"/usr/bin/make" "cmTryCompileExec3875339073/fast"
/usr/bin/make -f CMakeFiles/cmTryCompileExec3875339073.dir/build.make CMakeFiles/cmTryCompileExec3875339073.dir/build
make[1]: Entering directory '/root/enpower/llvm/llvm_37/build/CMakeFiles/CMakeTmp'
/usr/bin/cmake -E cmake_progress_report /root/enpower/llvm/llvm_37/build/CMakeFiles/CMakeTmp/CMakeFiles 1
Building C object CMakeFiles/cmTryCompileExec3875339073.dir/CheckIncludeFile.c.o
/usr/bin/cc    -o CMakeFiles/cmTryCompileExec3875339073.dir/CheckIncludeFile.c.o   -c /root/enpower/llvm/llvm_37/build/CMakeFiles/CMakeTmp/CheckIncludeFile.c
/root/enpower/llvm/llvm_37/build/CMakeFiles/CMakeTmp/CheckIncludeFile.c:1:22: fatal error: sys/ndir.h: No such file or directory
compilation terminated.
CMakeFiles/cmTryCompileExec3875339073.dir/build.make:57: recipe for target 'CMakeFiles/cmTryCompileExec3875339073.dir/CheckIncludeFile.c.o' failed
make[1]: *** [CMakeFiles/cmTryCompileExec3875339073.dir/CheckIncludeFile.c.o] Error 1
make[1]: Leaving directory '/root/enpower/llvm/llvm_37/build/CMakeFiles/CMakeTmp'
Makefile:117: recipe for target 'cmTryCompileExec3875339073/fast' failed
make: *** [cmTryCompileExec3875339073/fast] Error 2


Determining if the include file valgrind/valgrind.h exists failed with the following output:
Change Dir: /root/enpower/llvm/llvm_37/build/CMakeFiles/CMakeTmp

Run Build Command:"/usr/bin/make" "cmTryCompileExec2718991546/fast"
/usr/bin/make -f CMakeFiles/cmTryCompileExec2718991546.dir/build.make CMakeFiles/cmTryCompileExec2718991546.dir/build
make[1]: Entering directory '/root/enpower/llvm/llvm_37/build/CMakeFiles/CMakeTmp'
/usr/bin/cmake -E cmake_progress_report /root/enpower/llvm/llvm_37/build/CMakeFiles/CMakeTmp/CMakeFiles 1
Building C object CMakeFiles/cmTryCompileExec2718991546.dir/CheckIncludeFile.c.o
/usr/bin/cc    -o CMakeFiles/cmTryCompileExec2718991546.dir/CheckIncludeFile.c.o   -c /root/enpower/llvm/llvm_37/build/CMakeFiles/CMakeTmp/CheckIncludeFile.c
/root/enpower/llvm/llvm_37/build/CMakeFiles/CMakeTmp/CheckIncludeFile.c:1:31: fatal error: valgrind/valgrind.h: No such file or directory
compilation terminated.
CMakeFiles/cmTryCompileExec2718991546.dir/build.make:57: recipe for target 'CMakeFiles/cmTryCompileExec2718991546.dir/CheckIncludeFile.c.o' failed
make[1]: *** [CMakeFiles/cmTryCompileExec2718991546.dir/CheckIncludeFile.c.o] Error 1
make[1]: Leaving directory '/root/enpower/llvm/llvm_37/build/CMakeFiles/CMakeTmp'
Makefile:117: recipe for target 'cmTryCompileExec2718991546/fast' failed
make: *** [cmTryCompileExec2718991546/fast] Error 2


Determining if the include file mach/mach.h exists failed with the following output:
Change Dir: /root/enpower/llvm/llvm_37/build/CMakeFiles/CMakeTmp

Run Build Command:"/usr/bin/make" "cmTryCompileExec2803165255/fast"
/usr/bin/make -f CMakeFiles/cmTryCompileExec2803165255.dir/build.make CMakeFiles/cmTryCompileExec2803165255.dir/build
make[1]: Entering directory '/root/enpower/llvm/llvm_37/build/CMakeFiles/CMakeTmp'
/usr/bin/cmake -E cmake_progress_report /root/enpower/llvm/llvm_37/build/CMakeFiles/CMakeTmp/CMakeFiles 1
Building C object CMakeFiles/cmTryCompileExec2803165255.dir/CheckIncludeFile.c.o
/usr/bin/cc    -o CMakeFiles/cmTryCompileExec2803165255.dir/CheckIncludeFile.c.o   -c /root/enpower/llvm/llvm_37/build/CMakeFiles/CMakeTmp/CheckIncludeFile.c
/root/enpower/llvm/llvm_37/build/CMakeFiles/CMakeTmp/CheckIncludeFile.c:1:23: fatal error: mach/mach.h: No such file or directory
compilation terminated.
CMakeFiles/cmTryCompileExec2803165255.dir/build.make:57: recipe for target 'CMakeFiles/cmTryCompileExec2803165255.dir/CheckIncludeFile.c.o' failed
make[1]: *** [CMakeFiles/cmTryCompileExec2803165255.dir/CheckIncludeFile.c.o] Error 1
make[1]: Leaving directory '/root/enpower/llvm/llvm_37/build/CMakeFiles/CMakeTmp'
Makefile:117: recipe for target 'cmTryCompileExec2803165255/fast' failed
make: *** [cmTryCompileExec2803165255/fast] Error 2


Determining if the include file mach-o/dyld.h exists failed with the following output:
Change Dir: /root/enpower/llvm/llvm_37/build/CMakeFiles/CMakeTmp

Run Build Command:"/usr/bin/make" "cmTryCompileExec1352367929/fast"
/usr/bin/make -f CMakeFiles/cmTryCompileExec1352367929.dir/build.make CMakeFiles/cmTryCompileExec1352367929.dir/build
make[1]: Entering directory '/root/enpower/llvm/llvm_37/build/CMakeFiles/CMakeTmp'
/usr/bin/cmake -E cmake_progress_report /root/enpower/llvm/llvm_37/build/CMakeFiles/CMakeTmp/CMakeFiles 1
Building C object CMakeFiles/cmTryCompileExec1352367929.dir/CheckIncludeFile.c.o
/usr/bin/cc    -o CMakeFiles/cmTryCompileExec1352367929.dir/CheckIncludeFile.c.o   -c /root/enpower/llvm/llvm_37/build/CMakeFiles/CMakeTmp/CheckIncludeFile.c
/root/enpower/llvm/llvm_37/build/CMakeFiles/CMakeTmp/CheckIncludeFile.c:1:25: fatal error: mach-o/dyld.h: No such file or directory
compilation terminated.
CMakeFiles/cmTryCompileExec1352367929.dir/build.make:57: recipe for target 'CMakeFiles/cmTryCompileExec1352367929.dir/CheckIncludeFile.c.o' failed
make[1]: *** [CMakeFiles/cmTryCompileExec1352367929.dir/CheckIncludeFile.c.o] Error 1
make[1]: Leaving directory '/root/enpower/llvm/llvm_37/build/CMakeFiles/CMakeTmp'
Makefile:117: recipe for target 'cmTryCompileExec1352367929/fast' failed
make: *** [cmTryCompileExec1352367929/fast] Error 2


Determining if the include file histedit.h exists failed with the following output:
Change Dir: /root/enpower/llvm/llvm_37/build/CMakeFiles/CMakeTmp

Run Build Command:"/usr/bin/make" "cmTryCompileExec386366871/fast"
/usr/bin/make -f CMakeFiles/cmTryCompileExec386366871.dir/build.make CMakeFiles/cmTryCompileExec386366871.dir/build
make[1]: Entering directory '/root/enpower/llvm/llvm_37/build/CMakeFiles/CMakeTmp'
/usr/bin/cmake -E cmake_progress_report /root/enpower/llvm/llvm_37/build/CMakeFiles/CMakeTmp/CMakeFiles 1
Building C object CMakeFiles/cmTryCompileExec386366871.dir/CheckIncludeFile.c.o
/usr/bin/cc    -o CMakeFiles/cmTryCompileExec386366871.dir/CheckIncludeFile.c.o   -c /root/enpower/llvm/llvm_37/build/CMakeFiles/CMakeTmp/CheckIncludeFile.c
/root/enpower/llvm/llvm_37/build/CMakeFiles/CMakeTmp/CheckIncludeFile.c:1:22: fatal error: histedit.h: No such file or directory
compilation terminated.
CMakeFiles/cmTryCompileExec386366871.dir/build.make:57: recipe for target 'CMakeFiles/cmTryCompileExec386366871.dir/CheckIncludeFile.c.o' failed
make[1]: *** [CMakeFiles/cmTryCompileExec386366871.dir/CheckIncludeFile.c.o] Error 1
make[1]: Leaving directory '/root/enpower/llvm/llvm_37/build/CMakeFiles/CMakeTmp'
Makefile:117: recipe for target 'cmTryCompileExec386366871/fast' failed
make: *** [cmTryCompileExec386366871/fast] Error 2


Determining if the function setupterm exists in the tinfo failed with the following output:
Change Dir: /root/enpower/llvm/llvm_37/build/CMakeFiles/CMakeTmp

Run Build Command:"/usr/bin/make" "cmTryCompileExec1666536652/fast"
/usr/bin/make -f CMakeFiles/cmTryCompileExec1666536652.dir/build.make CMakeFiles/cmTryCompileExec1666536652.dir/build
make[1]: Entering directory '/root/enpower/llvm/llvm_37/build/CMakeFiles/CMakeTmp'
/usr/bin/cmake -E cmake_progress_report /root/enpower/llvm/llvm_37/build/CMakeFiles/CMakeTmp/CMakeFiles 1
Building C object CMakeFiles/cmTryCompileExec1666536652.dir/CheckFunctionExists.c.o
/usr/bin/cc   -DCHECK_FUNCTION_EXISTS=setupterm   -o CMakeFiles/cmTryCompileExec1666536652.dir/CheckFunctionExists.c.o   -c /usr/share/cmake-3.2/Modules/CheckFunctionExists.c
Linking C executable cmTryCompileExec1666536652
/usr/bin/cmake -E cmake_link_script CMakeFiles/cmTryCompileExec1666536652.dir/link.txt --verbose=1
/usr/bin/cc   -DCHECK_FUNCTION_EXISTS=setupterm    CMakeFiles/cmTryCompileExec1666536652.dir/CheckFunctionExists.c.o  -o cmTryCompileExec1666536652 -rdynamic -ltinfo -lm 
/usr/bin/ld: cannot find -ltinfo
collect2: error: ld returned 1 exit status
CMakeFiles/cmTryCompileExec1666536652.dir/build.make:88: recipe for target 'cmTryCompileExec1666536652' failed
make[1]: *** [cmTryCompileExec1666536652] Error 1
make[1]: Leaving directory '/root/enpower/llvm/llvm_37/build/CMakeFiles/CMakeTmp'
Makefile:117: recipe for target 'cmTryCompileExec1666536652/fast' failed
make: *** [cmTryCompileExec1666536652/fast] Error 2


Determining if the function setupterm exists in the terminfo failed with the following output:
Change Dir: /root/enpower/llvm/llvm_37/build/CMakeFiles/CMakeTmp

Run Build Command:"/usr/bin/make" "cmTryCompileExec564732780/fast"
/usr/bin/make -f CMakeFiles/cmTryCompileExec564732780.dir/build.make CMakeFiles/cmTryCompileExec564732780.dir/build
make[1]: Entering directory '/root/enpower/llvm/llvm_37/build/CMakeFiles/CMakeTmp'
/usr/bin/cmake -E cmake_progress_report /root/enpower/llvm/llvm_37/build/CMakeFiles/CMakeTmp/CMakeFiles 1
Building C object CMakeFiles/cmTryCompileExec564732780.dir/CheckFunctionExists.c.o
/usr/bin/cc   -DCHECK_FUNCTION_EXISTS=setupterm   -o CMakeFiles/cmTryCompileExec564732780.dir/CheckFunctionExists.c.o   -c /usr/share/cmake-3.2/Modules/CheckFunctionExists.c
Linking C executable cmTryCompileExec564732780
/usr/bin/cmake -E cmake_link_script CMakeFiles/cmTryCompileExec564732780.dir/link.txt --verbose=1
/usr/bin/cc   -DCHECK_FUNCTION_EXISTS=setupterm    CMakeFiles/cmTryCompileExec564732780.dir/CheckFunctionExists.c.o  -o cmTryCompileExec564732780 -rdynamic -lterminfo -lm 
/usr/bin/ld: cannot find -lterminfo
collect2: error: ld returned 1 exit status
CMakeFiles/cmTryCompileExec564732780.dir/build.make:88: recipe for target 'cmTryCompileExec564732780' failed
make[1]: *** [cmTryCompileExec564732780] Error 1
make[1]: Leaving directory '/root/enpower/llvm/llvm_37/build/CMakeFiles/CMakeTmp'
Makefile:117: recipe for target 'cmTryCompileExec564732780/fast' failed
make: *** [cmTryCompileExec564732780/fast] Error 2


Determining if the function setupterm exists in the curses failed with the following output:
Change Dir: /root/enpower/llvm/llvm_37/build/CMakeFiles/CMakeTmp

Run Build Command:"/usr/bin/make" "cmTryCompileExec4265618576/fast"
/usr/bin/make -f CMakeFiles/cmTryCompileExec4265618576.dir/build.make CMakeFiles/cmTryCompileExec4265618576.dir/build
make[1]: Entering directory '/root/enpower/llvm/llvm_37/build/CMakeFiles/CMakeTmp'
/usr/bin/cmake -E cmake_progress_report /root/enpower/llvm/llvm_37/build/CMakeFiles/CMakeTmp/CMakeFiles 1
Building C object CMakeFiles/cmTryCompileExec4265618576.dir/CheckFunctionExists.c.o
/usr/bin/cc   -DCHECK_FUNCTION_EXISTS=setupterm   -o CMakeFiles/cmTryCompileExec4265618576.dir/CheckFunctionExists.c.o   -c /usr/share/cmake-3.2/Modules/CheckFunctionExists.c
Linking C executable cmTryCompileExec4265618576
/usr/bin/cmake -E cmake_link_script CMakeFiles/cmTryCompileExec4265618576.dir/link.txt --verbose=1
/usr/bin/cc   -DCHECK_FUNCTION_EXISTS=setupterm    CMakeFiles/cmTryCompileExec4265618576.dir/CheckFunctionExists.c.o  -o cmTryCompileExec4265618576 -rdynamic -lcurses -lm 
/usr/bin/ld: cannot find -lcurses
collect2: error: ld returned 1 exit status
CMakeFiles/cmTryCompileExec4265618576.dir/build.make:88: recipe for target 'cmTryCompileExec4265618576' failed
make[1]: *** [cmTryCompileExec4265618576] Error 1
make[1]: Leaving directory '/root/enpower/llvm/llvm_37/build/CMakeFiles/CMakeTmp'
Makefile:117: recipe for target 'cmTryCompileExec4265618576/fast' failed
make: *** [cmTryCompileExec4265618576/fast] Error 2


Determining if the function setupterm exists in the ncurses failed with the following output:
Change Dir: /root/enpower/llvm/llvm_37/build/CMakeFiles/CMakeTmp

Run Build Command:"/usr/bin/make" "cmTryCompileExec3103842600/fast"
/usr/bin/make -f CMakeFiles/cmTryCompileExec3103842600.dir/build.make CMakeFiles/cmTryCompileExec3103842600.dir/build
make[1]: Entering directory '/root/enpower/llvm/llvm_37/build/CMakeFiles/CMakeTmp'
/usr/bin/cmake -E cmake_progress_report /root/enpower/llvm/llvm_37/build/CMakeFiles/CMakeTmp/CMakeFiles 1
Building C object CMakeFiles/cmTryCompileExec3103842600.dir/CheckFunctionExists.c.o
/usr/bin/cc   -DCHECK_FUNCTION_EXISTS=setupterm   -o CMakeFiles/cmTryCompileExec3103842600.dir/CheckFunctionExists.c.o   -c /usr/share/cmake-3.2/Modules/CheckFunctionExists.c
Linking C executable cmTryCompileExec3103842600
/usr/bin/cmake -E cmake_link_script CMakeFiles/cmTryCompileExec3103842600.dir/link.txt --verbose=1
/usr/bin/cc   -DCHECK_FUNCTION_EXISTS=setupterm    CMakeFiles/cmTryCompileExec3103842600.dir/CheckFunctionExists.c.o  -o cmTryCompileExec3103842600 -rdynamic -lncurses -lm 
/usr/bin/ld: cannot find -lncurses
collect2: error: ld returned 1 exit status
CMakeFiles/cmTryCompileExec3103842600.dir/build.make:88: recipe for target 'cmTryCompileExec3103842600' failed
make[1]: *** [cmTryCompileExec3103842600] Error 1
make[1]: Leaving directory '/root/enpower/llvm/llvm_37/build/CMakeFiles/CMakeTmp'
Makefile:117: recipe for target 'cmTryCompileExec3103842600/fast' failed
make: *** [cmTryCompileExec3103842600/fast] Error 2


Determining if the function setupterm exists in the ncursesw failed with the following output:
Change Dir: /root/enpower/llvm/llvm_37/build/CMakeFiles/CMakeTmp

Run Build Command:"/usr/bin/make" "cmTryCompileExec409755965/fast"
/usr/bin/make -f CMakeFiles/cmTryCompileExec409755965.dir/build.make CMakeFiles/cmTryCompileExec409755965.dir/build
make[1]: Entering directory '/root/enpower/llvm/llvm_37/build/CMakeFiles/CMakeTmp'
/usr/bin/cmake -E cmake_progress_report /root/enpower/llvm/llvm_37/build/CMakeFiles/CMakeTmp/CMakeFiles 1
Building C object CMakeFiles/cmTryCompileExec409755965.dir/CheckFunctionExists.c.o
/usr/bin/cc   -DCHECK_FUNCTION_EXISTS=setupterm   -o CMakeFiles/cmTryCompileExec409755965.dir/CheckFunctionExists.c.o   -c /usr/share/cmake-3.2/Modules/CheckFunctionExists.c
Linking C executable cmTryCompileExec409755965
/usr/bin/cmake -E cmake_link_script CMakeFiles/cmTryCompileExec409755965.dir/link.txt --verbose=1
/usr/bin/cc   -DCHECK_FUNCTION_EXISTS=setupterm    CMakeFiles/cmTryCompileExec409755965.dir/CheckFunctionExists.c.o  -o cmTryCompileExec409755965 -rdynamic -lncursesw -lm 
/usr/bin/ld: cannot find -lncursesw
collect2: error: ld returned 1 exit status
CMakeFiles/cmTryCompileExec409755965.dir/build.make:88: recipe for target 'cmTryCompileExec409755965' failed
make[1]: *** [cmTryCompileExec409755965] Error 1
make[1]: Leaving directory '/root/enpower/llvm/llvm_37/build/CMakeFiles/CMakeTmp'
Makefile:117: recipe for target 'cmTryCompileExec409755965/fast' failed
make: *** [cmTryCompileExec409755965/fast] Error 2


Determining if the arc4random exist failed with the following output:
Change Dir: /root/enpower/llvm/llvm_37/build/CMakeFiles/CMakeTmp

Run Build Command:"/usr/bin/make" "cmTryCompileExec368965980/fast"
/usr/bin/make -f CMakeFiles/cmTryCompileExec368965980.dir/build.make CMakeFiles/cmTryCompileExec368965980.dir/build
make[1]: Entering directory '/root/enpower/llvm/llvm_37/build/CMakeFiles/CMakeTmp'
/usr/bin/cmake -E cmake_progress_report /root/enpower/llvm/llvm_37/build/CMakeFiles/CMakeTmp/CMakeFiles 1
Building C object CMakeFiles/cmTryCompileExec368965980.dir/CheckSymbolExists.c.o
/usr/bin/cc    -o CMakeFiles/cmTryCompileExec368965980.dir/CheckSymbolExists.c.o   -c /root/enpower/llvm/llvm_37/build/CMakeFiles/CMakeTmp/CheckSymbolExists.c
/root/enpower/llvm/llvm_37/build/CMakeFiles/CMakeTmp/CheckSymbolExists.c: In function 'main':
/root/enpower/llvm/llvm_37/build/CMakeFiles/CMakeTmp/CheckSymbolExists.c:8:19: error: 'arc4random' undeclared (first use in this function)
   return ((int*)(&arc4random))[argc];
                   ^
/root/enpower/llvm/llvm_37/build/CMakeFiles/CMakeTmp/CheckSymbolExists.c:8:19: note: each undeclared identifier is reported only once for each function it appears in
CMakeFiles/cmTryCompileExec368965980.dir/build.make:57: recipe for target 'CMakeFiles/cmTryCompileExec368965980.dir/CheckSymbolExists.c.o' failed
make[1]: *** [CMakeFiles/cmTryCompileExec368965980.dir/CheckSymbolExists.c.o] Error 1
make[1]: Leaving directory '/root/enpower/llvm/llvm_37/build/CMakeFiles/CMakeTmp'
Makefile:117: recipe for target 'cmTryCompileExec368965980/fast' failed
make: *** [cmTryCompileExec368965980/fast] Error 2

File /root/enpower/llvm/llvm_37/build/CMakeFiles/CMakeTmp/CheckSymbolExists.c:
/* */
#include <stdlib.h>

int main(int argc, char** argv)
{
  (void)argv;
#ifndef arc4random
  return ((int*)(&arc4random))[argc];
#else
  (void)argc;
  return 0;
#endif
}

Determining if the mallctl exist failed with the following output:
Change Dir: /root/enpower/llvm/llvm_37/build/CMakeFiles/CMakeTmp

Run Build Command:"/usr/bin/make" "cmTryCompileExec1051568203/fast"
/usr/bin/make -f CMakeFiles/cmTryCompileExec1051568203.dir/build.make CMakeFiles/cmTryCompileExec1051568203.dir/build
make[1]: Entering directory '/root/enpower/llvm/llvm_37/build/CMakeFiles/CMakeTmp'
/usr/bin/cmake -E cmake_progress_report /root/enpower/llvm/llvm_37/build/CMakeFiles/CMakeTmp/CMakeFiles 1
Building C object CMakeFiles/cmTryCompileExec1051568203.dir/CheckSymbolExists.c.o
/usr/bin/cc    -o CMakeFiles/cmTryCompileExec1051568203.dir/CheckSymbolExists.c.o   -c /root/enpower/llvm/llvm_37/build/CMakeFiles/CMakeTmp/CheckSymbolExists.c
/root/enpower/llvm/llvm_37/build/CMakeFiles/CMakeTmp/CheckSymbolExists.c:2:23: fatal error: malloc_np.h: No such file or directory
compilation terminated.
CMakeFiles/cmTryCompileExec1051568203.dir/build.make:57: recipe for target 'CMakeFiles/cmTryCompileExec1051568203.dir/CheckSymbolExists.c.o' failed
make[1]: *** [CMakeFiles/cmTryCompileExec1051568203.dir/CheckSymbolExists.c.o] Error 1
make[1]: Leaving directory '/root/enpower/llvm/llvm_37/build/CMakeFiles/CMakeTmp'
Makefile:117: recipe for target 'cmTryCompileExec1051568203/fast' failed
make: *** [cmTryCompileExec1051568203/fast] Error 2

File /root/enpower/llvm/llvm_37/build/CMakeFiles/CMakeTmp/CheckSymbolExists.c:
/* */
#include <malloc_np.h>

int main(int argc, char** argv)
{
  (void)argv;
#ifndef mallctl
  return ((int*)(&mallctl))[argc];
#else
  (void)argc;
  return 0;
#endif
}

Determining if the malloc_zone_statistics exist failed with the following output:
Change Dir: /root/enpower/llvm/llvm_37/build/CMakeFiles/CMakeTmp

Run Build Command:"/usr/bin/make" "cmTryCompileExec2706612149/fast"
/usr/bin/make -f CMakeFiles/cmTryCompileExec2706612149.dir/build.make CMakeFiles/cmTryCompileExec2706612149.dir/build
make[1]: Entering directory '/root/enpower/llvm/llvm_37/build/CMakeFiles/CMakeTmp'
/usr/bin/cmake -E cmake_progress_report /root/enpower/llvm/llvm_37/build/CMakeFiles/CMakeTmp/CMakeFiles 1
Building C object CMakeFiles/cmTryCompileExec2706612149.dir/CheckSymbolExists.c.o
/usr/bin/cc    -o CMakeFiles/cmTryCompileExec2706612149.dir/CheckSymbolExists.c.o   -c /root/enpower/llvm/llvm_37/build/CMakeFiles/CMakeTmp/CheckSymbolExists.c
/root/enpower/llvm/llvm_37/build/CMakeFiles/CMakeTmp/CheckSymbolExists.c:2:27: fatal error: malloc/malloc.h: No such file or directory
compilation terminated.
CMakeFiles/cmTryCompileExec2706612149.dir/build.make:57: recipe for target 'CMakeFiles/cmTryCompileExec2706612149.dir/CheckSymbolExists.c.o' failed
make[1]: *** [CMakeFiles/cmTryCompileExec2706612149.dir/CheckSymbolExists.c.o] Error 1
make[1]: Leaving directory '/root/enpower/llvm/llvm_37/build/CMakeFiles/CMakeTmp'
Makefile:117: recipe for target 'cmTryCompileExec2706612149/fast' failed
make: *** [cmTryCompileExec2706612149/fast] Error 2

File /root/enpower/llvm/llvm_37/build/CMakeFiles/CMakeTmp/CheckSymbolExists.c:
/* */
#include <malloc/malloc.h>

int main(int argc, char** argv)
{
  (void)argv;
#ifndef malloc_zone_statistics
  return ((int*)(&malloc_zone_statistics))[argc];
#else
  (void)argc;
  return 0;
#endif
}

Determining if the strerror_s exist failed with the following output:
Change Dir: /root/enpower/llvm/llvm_37/build/CMakeFiles/CMakeTmp

Run Build Command:"/usr/bin/make" "cmTryCompileExec1494485710/fast"
/usr/bin/make -f CMakeFiles/cmTryCompileExec1494485710.dir/build.make CMakeFiles/cmTryCompileExec1494485710.dir/build
make[1]: Entering directory '/root/enpower/llvm/llvm_37/build/CMakeFiles/CMakeTmp'
/usr/bin/cmake -E cmake_progress_report /root/enpower/llvm/llvm_37/build/CMakeFiles/CMakeTmp/CMakeFiles 1
Building C object CMakeFiles/cmTryCompileExec1494485710.dir/CheckSymbolExists.c.o
/usr/bin/cc    -o CMakeFiles/cmTryCompileExec1494485710.dir/CheckSymbolExists.c.o   -c /root/enpower/llvm/llvm_37/build/CMakeFiles/CMakeTmp/CheckSymbolExists.c
/root/enpower/llvm/llvm_37/build/CMakeFiles/CMakeTmp/CheckSymbolExists.c: In function 'main':
/root/enpower/llvm/llvm_37/build/CMakeFiles/CMakeTmp/CheckSymbolExists.c:8:19: error: 'strerror_s' undeclared (first use in this function)
   return ((int*)(&strerror_s))[argc];
                   ^
/root/enpower/llvm/llvm_37/build/CMakeFiles/CMakeTmp/CheckSymbolExists.c:8:19: note: each undeclared identifier is reported only once for each function it appears in
CMakeFiles/cmTryCompileExec1494485710.dir/build.make:57: recipe for target 'CMakeFiles/cmTryCompileExec1494485710.dir/CheckSymbolExists.c.o' failed
make[1]: *** [CMakeFiles/cmTryCompileExec1494485710.dir/CheckSymbolExists.c.o] Error 1
make[1]: Leaving directory '/root/enpower/llvm/llvm_37/build/CMakeFiles/CMakeTmp'
Makefile:117: recipe for target 'cmTryCompileExec1494485710/fast' failed
make: *** [cmTryCompileExec1494485710/fast] Error 2

File /root/enpower/llvm/llvm_37/build/CMakeFiles/CMakeTmp/CheckSymbolExists.c:
/* */
#include <string.h>

int main(int argc, char** argv)
{
  (void)argv;
#ifndef strerror_s
  return ((int*)(&strerror_s))[argc];
#else
  (void)argc;
  return 0;
#endif
}

Performing C SOURCE FILE Test C_SUPPORTS_COVERED_SWITCH_DEFAULT_FLAG failed with the following output:
Change Dir: /root/enpower/llvm/llvm_37/build/CMakeFiles/CMakeTmp

Run Build Command:"/usr/bin/make" "cmTryCompileExec1729155127/fast"
/usr/bin/make -f CMakeFiles/cmTryCompileExec1729155127.dir/build.make CMakeFiles/cmTryCompileExec1729155127.dir/build
make[1]: Entering directory '/root/enpower/llvm/llvm_37/build/CMakeFiles/CMakeTmp'
/usr/bin/cmake -E cmake_progress_report /root/enpower/llvm/llvm_37/build/CMakeFiles/CMakeTmp/CMakeFiles 1
Building C object CMakeFiles/cmTryCompileExec1729155127.dir/src.c.o
/usr/bin/cc   -fPIC -Wall -W -Wno-unused-parameter -Wwrite-strings -Wno-missing-field-initializers -pedantic -Wno-long-long -DC_SUPPORTS_COVERED_SWITCH_DEFAULT_FLAG   -Werror -Wcovered-switch-default -o CMakeFiles/cmTryCompileExec1729155127.dir/src.c.o   -c /root/enpower/llvm/llvm_37/build/CMakeFiles/CMakeTmp/src.c
cc: error: unrecognized command line option '-Wcovered-switch-default'
CMakeFiles/cmTryCompileExec1729155127.dir/build.make:57: recipe for target 'CMakeFiles/cmTryCompileExec1729155127.dir/src.c.o' failed
make[1]: *** [CMakeFiles/cmTryCompileExec1729155127.dir/src.c.o] Error 1
make[1]: Leaving directory '/root/enpower/llvm/llvm_37/build/CMakeFiles/CMakeTmp'
Makefile:117: recipe for target 'cmTryCompileExec1729155127/fast' failed
make: *** [cmTryCompileExec1729155127/fast] Error 2

Source file was:
int main(void) { return 0; }
Performing C++ SOURCE FILE Test CXX_SUPPORTS_COVERED_SWITCH_DEFAULT_FLAG failed with the following output:
Change Dir: /root/enpower/llvm/llvm_37/build/CMakeFiles/CMakeTmp

Run Build Command:"/usr/bin/make" "cmTryCompileExec2519701460/fast"
/usr/bin/make -f CMakeFiles/cmTryCompileExec2519701460.dir/build.make CMakeFiles/cmTryCompileExec2519701460.dir/build
make[1]: Entering directory '/root/enpower/llvm/llvm_37/build/CMakeFiles/CMakeTmp'
/usr/bin/cmake -E cmake_progress_report /root/enpower/llvm/llvm_37/build/CMakeFiles/CMakeTmp/CMakeFiles 1
Building CXX object CMakeFiles/cmTryCompileExec2519701460.dir/src.cxx.o
/usr/bin/c++    -fPIC -fvisibility-inlines-hidden -Wall -W -Wno-unused-parameter -Wwrite-strings -Wcast-qual -Wno-missing-field-initializers -pedantic -Wno-long-long -DCXX_SUPPORTS_COVERED_SWITCH_DEFAULT_FLAG   -Werror -Wcovered-switch-default -o CMakeFiles/cmTryCompileExec2519701460.dir/src.cxx.o -c /root/enpower/llvm/llvm_37/build/CMakeFiles/CMakeTmp/src.cxx
c++: error: unrecognized command line option '-Wcovered-switch-default'
CMakeFiles/cmTryCompileExec2519701460.dir/build.make:57: recipe for target 'CMakeFiles/cmTryCompileExec2519701460.dir/src.cxx.o' failed
make[1]: *** [CMakeFiles/cmTryCompileExec2519701460.dir/src.cxx.o] Error 1
make[1]: Leaving directory '/root/enpower/llvm/llvm_37/build/CMakeFiles/CMakeTmp'
Makefile:117: recipe for target 'cmTryCompileExec2519701460/fast' failed
make: *** [cmTryCompileExec2519701460/fast] Error 2

Source file was:
int main() { return 0; }
Performing C SOURCE FILE Test C_WCOMMENT_ALLOWS_LINE_WRAP failed with the following output:
Change Dir: /root/enpower/llvm/llvm_37/build/CMakeFiles/CMakeTmp

Run Build Command:"/usr/bin/make" "cmTryCompileExec2513244249/fast"
/usr/bin/make -f CMakeFiles/cmTryCompileExec2513244249.dir/build.make CMakeFiles/cmTryCompileExec2513244249.dir/build
make[1]: Entering directory '/root/enpower/llvm/llvm_37/build/CMakeFiles/CMakeTmp'
/usr/bin/cmake -E cmake_progress_report /root/enpower/llvm/llvm_37/build/CMakeFiles/CMakeTmp/CMakeFiles 1
Building C object CMakeFiles/cmTryCompileExec2513244249.dir/src.c.o
/usr/bin/cc   -fPIC -Wall -W -Wno-unused-parameter -Wwrite-strings -Wno-missing-field-initializers -pedantic -Wno-long-long -DC_WCOMMENT_ALLOWS_LINE_WRAP  -Werror -Wcomment   -o CMakeFiles/cmTryCompileExec2513244249.dir/src.c.o   -c /root/enpower/llvm/llvm_37/build/CMakeFiles/CMakeTmp/src.c
/root/enpower/llvm/llvm_37/build/CMakeFiles/CMakeTmp/src.c:1:1: error: multi-line comment [-Werror=comment]
 // \
 ^
cc1: all warnings being treated as errors
CMakeFiles/cmTryCompileExec2513244249.dir/build.make:57: recipe for target 'CMakeFiles/cmTryCompileExec2513244249.dir/src.c.o' failed
make[1]: *** [CMakeFiles/cmTryCompileExec2513244249.dir/src.c.o] Error 1
make[1]: Leaving directory '/root/enpower/llvm/llvm_37/build/CMakeFiles/CMakeTmp'
Makefile:117: recipe for target 'cmTryCompileExec2513244249/fast' failed
make: *** [cmTryCompileExec2513244249/fast] Error 2

Source file was:
// \
//
int main() {return 0;}
Performing C++ SOURCE FILE Test CXX_SUPPORTS_NO_NESTED_ANON_TYPES_FLAG failed with the following output:
Change Dir: /root/enpower/llvm/llvm_37/build/CMakeFiles/CMakeTmp

Run Build Command:"/usr/bin/make" "cmTryCompileExec2064443764/fast"
/usr/bin/make -f CMakeFiles/cmTryCompileExec2064443764.dir/build.make CMakeFiles/cmTryCompileExec2064443764.dir/build
make[1]: Entering directory '/root/enpower/llvm/llvm_37/build/CMakeFiles/CMakeTmp'
/usr/bin/cmake -E cmake_progress_report /root/enpower/llvm/llvm_37/build/CMakeFiles/CMakeTmp/CMakeFiles 1
Building CXX object CMakeFiles/cmTryCompileExec2064443764.dir/src.cxx.o
/usr/bin/c++    -fPIC -fvisibility-inlines-hidden -Wall -W -Wno-unused-parameter -Wwrite-strings -Wcast-qual -Wno-missing-field-initializers -pedantic -Wno-long-long -Wno-maybe-uninitialized -Wnon-virtual-dtor -Wno-comment -std=c++11 -ffunction-sections -fdata-sections -fno-common -Woverloaded-virtual -fno-strict-aliasing -DCXX_SUPPORTS_NO_NESTED_ANON_TYPES_FLAG   -Werror -Wnested-anon-types -o CMakeFiles/cmTryCompileExec2064443764.dir/src.cxx.o -c /root/enpower/llvm/llvm_37/build/CMakeFiles/CMakeTmp/src.cxx
c++: error: unrecognized command line option '-Wnested-anon-types'
CMakeFiles/cmTryCompileExec2064443764.dir/build.make:57: recipe for target 'CMakeFiles/cmTryCompileExec2064443764.dir/src.cxx.o' failed
make[1]: *** [CMakeFiles/cmTryCompileExec2064443764.dir/src.cxx.o] Error 1
make[1]: Leaving directory '/root/enpower/llvm/llvm_37/build/CMakeFiles/CMakeTmp'
Makefile:117: recipe for target 'cmTryCompileExec2064443764/fast' failed
make: *** [cmTryCompileExec2064443764/fast] Error 2

Source file was:
int main() { return 0; }
